This is pdfTeX, Version 3.14159265-2.6-1.40.17 (TeX Live 2016) (preloaded format=pdflatex 2016.5.22)  13 SEP 2018 18:48
entering extended mode
 restricted \write18 enabled.
 file:line:error style messages enabled.
 %&-line parsing enabled.
**phs.tex
(./phs.tex
LaTeX2e <2016/03/31>
Babel <3.9r> and hyphenation patterns for 83 language(s) loaded.
(./agujournal.cls
Document Class: agujournal 08/06/2016
(/usr/local/texlive/2016/texmf-dist/tex/latex/newtx/newtxtext.sty
Package: newtxtext 2016/03/27 v1.466

`newtxtext' v1.466, 2016/03/27 Text macros taking advantage of TeX-Gyre Termes 
fonts (msharpe)
(/usr/local/texlive/2016/texmf-dist/tex/latex/fontaxes/fontaxes.sty
Package: fontaxes 2014/03/23 v1.0d Font selection axes
LaTeX Info: Redefining \upshape on input line 29.
LaTeX Info: Redefining \itshape on input line 31.
LaTeX Info: Redefining \slshape on input line 33.
LaTeX Info: Redefining \scshape on input line 37.
)
\ntx@fs=\dimen102

(/usr/local/texlive/2016/texmf-dist/tex/latex/xkeyval/xkeyval.sty
Package: xkeyval 2014/12/03 v2.7a package option processing (HA)

(/usr/local/texlive/2016/texmf-dist/tex/generic/xkeyval/xkeyval.tex
(/usr/local/texlive/2016/texmf-dist/tex/generic/xkeyval/xkvutils.tex
\XKV@toks=\toks14
\XKV@tempa@toks=\toks15

(/usr/local/texlive/2016/texmf-dist/tex/generic/xkeyval/keyval.tex))
\XKV@depth=\count79
File: xkeyval.tex 2014/12/03 v2.7a key=value parser (HA)
))
(/usr/local/texlive/2016/texmf-dist/tex/latex/etoolbox/etoolbox.sty
Package: etoolbox 2015/08/02 v2.2a e-TeX tools for LaTeX (JAW)
\etb@tempcnta=\count80
)
(/usr/local/texlive/2016/texmf-dist/tex/latex/base/fontenc.sty
Package: fontenc 2005/09/27 v1.99g Standard LaTeX package

(/usr/local/texlive/2016/texmf-dist/tex/latex/base/t1enc.def
File: t1enc.def 2005/09/27 v1.99g Standard LaTeX file
LaTeX Font Info:    Redeclaring font encoding T1 on input line 48.
))
(/usr/local/texlive/2016/texmf-dist/tex/latex/base/textcomp.sty
Package: textcomp 2005/09/27 v1.99g Standard LaTeX package
Package textcomp Info: Sub-encoding information:
(textcomp)               5 = only ISO-Adobe without \textcurrency
(textcomp)               4 = 5 + \texteuro
(textcomp)               3 = 4 + \textohm
(textcomp)               2 = 3 + \textestimated + \textcurrency
(textcomp)               1 = TS1 - \textcircled - \t
(textcomp)               0 = TS1 (full)
(textcomp)             Font families with sub-encoding setting implement
(textcomp)             only a restricted character set as indicated.
(textcomp)             Family '?' is the default used for unknown fonts.
(textcomp)             See the documentation for details.
Package textcomp Info: Setting ? sub-encoding to TS1/1 on input line 79.
Package textcomp Info: Changing ? sub-encoding to TS1/0 on input line 80.

(/usr/local/texlive/2016/texmf-dist/tex/latex/base/ts1enc.def
File: ts1enc.def 2001/06/05 v3.0e (jk/car/fm) Standard LaTeX file
)
LaTeX Info: Redefining \oldstylenums on input line 334.
Package textcomp Info: Setting cmr sub-encoding to TS1/0 on input line 349.
Package textcomp Info: Setting cmss sub-encoding to TS1/0 on input line 350.
Package textcomp Info: Setting cmtt sub-encoding to TS1/0 on input line 351.
Package textcomp Info: Setting cmvtt sub-encoding to TS1/0 on input line 352.
Package textcomp Info: Setting cmbr sub-encoding to TS1/0 on input line 353.
Package textcomp Info: Setting cmtl sub-encoding to TS1/0 on input line 354.
Package textcomp Info: Setting ccr sub-encoding to TS1/0 on input line 355.
Package textcomp Info: Setting ptm sub-encoding to TS1/4 on input line 356.
Package textcomp Info: Setting pcr sub-encoding to TS1/4 on input line 357.
Package textcomp Info: Setting phv sub-encoding to TS1/4 on input line 358.
Package textcomp Info: Setting ppl sub-encoding to TS1/3 on input line 359.
Package textcomp Info: Setting pag sub-encoding to TS1/4 on input line 360.
Package textcomp Info: Setting pbk sub-encoding to TS1/4 on input line 361.
Package textcomp Info: Setting pnc sub-encoding to TS1/4 on input line 362.
Package textcomp Info: Setting pzc sub-encoding to TS1/4 on input line 363.
Package textcomp Info: Setting bch sub-encoding to TS1/4 on input line 364.
Package textcomp Info: Setting put sub-encoding to TS1/5 on input line 365.
Package textcomp Info: Setting uag sub-encoding to TS1/5 on input line 366.
Package textcomp Info: Setting ugq sub-encoding to TS1/5 on input line 367.
Package textcomp Info: Setting ul8 sub-encoding to TS1/4 on input line 368.
Package textcomp Info: Setting ul9 sub-encoding to TS1/4 on input line 369.
Package textcomp Info: Setting augie sub-encoding to TS1/5 on input line 370.
Package textcomp Info: Setting dayrom sub-encoding to TS1/3 on input line 371.
Package textcomp Info: Setting dayroms sub-encoding to TS1/3 on input line 372.

Package textcomp Info: Setting pxr sub-encoding to TS1/0 on input line 373.
Package textcomp Info: Setting pxss sub-encoding to TS1/0 on input line 374.
Package textcomp Info: Setting pxtt sub-encoding to TS1/0 on input line 375.
Package textcomp Info: Setting txr sub-encoding to TS1/0 on input line 376.
Package textcomp Info: Setting txss sub-encoding to TS1/0 on input line 377.
Package textcomp Info: Setting txtt sub-encoding to TS1/0 on input line 378.
Package textcomp Info: Setting lmr sub-encoding to TS1/0 on input line 379.
Package textcomp Info: Setting lmdh sub-encoding to TS1/0 on input line 380.
Package textcomp Info: Setting lmss sub-encoding to TS1/0 on input line 381.
Package textcomp Info: Setting lmssq sub-encoding to TS1/0 on input line 382.
Package textcomp Info: Setting lmvtt sub-encoding to TS1/0 on input line 383.
Package textcomp Info: Setting lmtt sub-encoding to TS1/0 on input line 384.
Package textcomp Info: Setting qhv sub-encoding to TS1/0 on input line 385.
Package textcomp Info: Setting qag sub-encoding to TS1/0 on input line 386.
Package textcomp Info: Setting qbk sub-encoding to TS1/0 on input line 387.
Package textcomp Info: Setting qcr sub-encoding to TS1/0 on input line 388.
Package textcomp Info: Setting qcs sub-encoding to TS1/0 on input line 389.
Package textcomp Info: Setting qpl sub-encoding to TS1/0 on input line 390.
Package textcomp Info: Setting qtm sub-encoding to TS1/0 on input line 391.
Package textcomp Info: Setting qzc sub-encoding to TS1/0 on input line 392.
Package textcomp Info: Setting qhvc sub-encoding to TS1/0 on input line 393.
Package textcomp Info: Setting futs sub-encoding to TS1/4 on input line 394.
Package textcomp Info: Setting futx sub-encoding to TS1/4 on input line 395.
Package textcomp Info: Setting futj sub-encoding to TS1/4 on input line 396.
Package textcomp Info: Setting hlh sub-encoding to TS1/3 on input line 397.
Package textcomp Info: Setting hls sub-encoding to TS1/3 on input line 398.
Package textcomp Info: Setting hlst sub-encoding to TS1/3 on input line 399.
Package textcomp Info: Setting hlct sub-encoding to TS1/5 on input line 400.
Package textcomp Info: Setting hlx sub-encoding to TS1/5 on input line 401.
Package textcomp Info: Setting hlce sub-encoding to TS1/5 on input line 402.
Package textcomp Info: Setting hlcn sub-encoding to TS1/5 on input line 403.
Package textcomp Info: Setting hlcw sub-encoding to TS1/5 on input line 404.
Package textcomp Info: Setting hlcf sub-encoding to TS1/5 on input line 405.
Package textcomp Info: Setting pplx sub-encoding to TS1/3 on input line 406.
Package textcomp Info: Setting pplj sub-encoding to TS1/3 on input line 407.
Package textcomp Info: Setting ptmx sub-encoding to TS1/4 on input line 408.
Package textcomp Info: Setting ptmj sub-encoding to TS1/4 on input line 409.
) 
Babel
LaTeX Font Info:    Try loading font information for T1+ntxtlf on input line 25
0.
(/usr/local/texlive/2016/texmf-dist/tex/latex/newtx/t1ntxtlf.fd
File: t1ntxtlf.fd 2015/01/17 v1.0 font definition file for T1/ntx/tlf
)
LaTeX Font Info:    Font shape `T1/ntxtlf/m/n' will be
(Font)              scaled to size 10.0pt on input line 250.
)
(/usr/local/texlive/2016/texmf-dist/tex/latex/newtx/newtxmath.sty
Package: newtxmath 2016/03/27 v1.466

`newtxmath' v1.466, 2016/03/27 Math macros based on txfonts (msharpe)
(/usr/local/texlive/2016/texmf-dist/tex/latex/amsmath/amsmath.sty
Package: amsmath 2016/03/10 v2.15b AMS math features
\@mathmargin=\skip41

For additional information on amsmath, use the `?' option.
(/usr/local/texlive/2016/texmf-dist/tex/latex/amsmath/amstext.sty
Package: amstext 2000/06/29 v2.01 AMS text

(/usr/local/texlive/2016/texmf-dist/tex/latex/amsmath/amsgen.sty
File: amsgen.sty 1999/11/30 v2.0 generic functions
\@emptytoks=\toks16
\ex@=\dimen103
))
(/usr/local/texlive/2016/texmf-dist/tex/latex/amsmath/amsbsy.sty
Package: amsbsy 1999/11/29 v1.2d Bold Symbols
\pmbraise@=\dimen104
)
(/usr/local/texlive/2016/texmf-dist/tex/latex/amsmath/amsopn.sty
Package: amsopn 2016/03/08 v2.02 operator names
)
\inf@bad=\count81
LaTeX Info: Redefining \frac on input line 199.
\uproot@=\count82
\leftroot@=\count83
LaTeX Info: Redefining \overline on input line 297.
\classnum@=\count84
\DOTSCASE@=\count85
LaTeX Info: Redefining \ldots on input line 394.
LaTeX Info: Redefining \dots on input line 397.
LaTeX Info: Redefining \cdots on input line 518.
\Mathstrutbox@=\box26
\strutbox@=\box27
\big@size=\dimen105
LaTeX Font Info:    Redeclaring font encoding OML on input line 634.
LaTeX Font Info:    Redeclaring font encoding OMS on input line 635.
\macc@depth=\count86
\c@MaxMatrixCols=\count87
\dotsspace@=\muskip10
\c@parentequation=\count88
\dspbrk@lvl=\count89
\tag@help=\toks17
\row@=\count90
\column@=\count91
\maxfields@=\count92
\andhelp@=\toks18
\eqnshift@=\dimen106
\alignsep@=\dimen107
\tagshift@=\dimen108
\tagwidth@=\dimen109
\totwidth@=\dimen110
\lineht@=\dimen111
\@envbody=\toks19
\multlinegap=\skip42
\multlinetaggap=\skip43
\mathdisplay@stack=\toks20
LaTeX Info: Redefining \[ on input line 2739.
LaTeX Info: Redefining \] on input line 2740.
)
(/usr/local/texlive/2016/texmf-dist/tex/generic/ifxetex/ifxetex.sty
Package: ifxetex 2010/09/12 v0.6 Provides ifxetex conditional
)
(/usr/local/texlive/2016/texmf-dist/tex/generic/oberdiek/ifluatex.sty
Package: ifluatex 2016/05/16 v1.4 Provides the ifluatex switch (HO)
Package ifluatex Info: LuaTeX not detected.
)
(/usr/local/texlive/2016/texmf-dist/tex/generic/kastrup/binhex.tex)
\tx@Isdigit=\count93
LaTeX Font Info:    Redeclaring symbol font `operators' on input line 137.
LaTeX Font Info:    Overwriting symbol font `operators' in version `normal'
(Font)                  OT1/cmr/m/n --> OT1/ntxtlf/m/n on input line 137.
LaTeX Font Info:    Overwriting symbol font `operators' in version `bold'
(Font)                  OT1/cmr/bx/n --> OT1/ntxtlf/m/n on input line 137.
LaTeX Font Info:    Overwriting symbol font `operators' in version `bold'
(Font)                  OT1/ntxtlf/m/n --> OT1/ntxtlf/b/n on input line 138.
LaTeX Font Info:    Redeclaring math alphabet \mathsf on input line 144.
LaTeX Font Info:    Overwriting math alphabet `\mathsf' in version `normal'
(Font)                  OT1/cmss/m/n --> T1/qhv/m/n on input line 144.
LaTeX Font Info:    Overwriting math alphabet `\mathsf' in version `bold'
(Font)                  OT1/cmss/bx/n --> T1/qhv/m/n on input line 144.
LaTeX Font Info:    Redeclaring math alphabet \mathit on input line 145.
LaTeX Font Info:    Overwriting math alphabet `\mathit' in version `normal'
(Font)                  OT1/cmr/m/it --> OT1/ntxtlf/m/it on input line 145.
LaTeX Font Info:    Overwriting math alphabet `\mathit' in version `bold'
(Font)                  OT1/cmr/bx/it --> OT1/ntxtlf/m/it on input line 145.
LaTeX Font Info:    Redeclaring math alphabet \mathtt on input line 146.
LaTeX Font Info:    Overwriting math alphabet `\mathtt' in version `normal'
(Font)                  OT1/cmtt/m/n --> T1/ntxtt/m/n on input line 146.
LaTeX Font Info:    Overwriting math alphabet `\mathtt' in version `bold'
(Font)                  OT1/cmtt/m/n --> T1/ntxtt/m/n on input line 146.
LaTeX Font Info:    Redeclaring math alphabet \mathbf on input line 148.
LaTeX Font Info:    Overwriting math alphabet `\mathbf' in version `normal'
(Font)                  OT1/cmr/bx/n --> OT1/ntxtlf/b/n on input line 148.
LaTeX Font Info:    Overwriting math alphabet `\mathbf' in version `bold'
(Font)                  OT1/cmr/bx/n --> OT1/ntxtlf/b/n on input line 148.
LaTeX Font Info:    Overwriting math alphabet `\mathit' in version `bold'
(Font)                  OT1/ntxtlf/m/it --> OT1/ntxtlf/b/it on input line 149.
LaTeX Font Info:    Overwriting math alphabet `\mathsf' in version `bold'
(Font)                  T1/qhv/m/n --> T1/qhv/b/n on input line 150.
LaTeX Font Info:    Overwriting math alphabet `\mathtt' in version `bold'
(Font)                  T1/ntxtt/m/n --> T1/ntxtt/b/n on input line 151.
LaTeX Font Info:    Redeclaring symbol font `letters' on input line 197.
LaTeX Font Info:    Overwriting symbol font `letters' in version `normal'
(Font)                  OML/cmm/m/it --> OML/ntxmi/m/it on input line 197.
LaTeX Font Info:    Overwriting symbol font `letters' in version `bold'
(Font)                  OML/cmm/b/it --> OML/ntxmi/m/it on input line 197.
LaTeX Font Info:    Overwriting symbol font `letters' in version `bold'
(Font)                  OML/ntxmi/m/it --> OML/ntxmi/b/it on input line 198.
\symlettersA=\mathgroup4
LaTeX Font Info:    Overwriting symbol font `lettersA' in version `bold'
(Font)                  U/ntxmia/m/it --> U/ntxmia/b/it on input line 213.
LaTeX Font Info:    Redeclaring symbol font `symbols' on input line 221.
LaTeX Font Info:    Overwriting symbol font `symbols' in version `normal'
(Font)                  OMS/cmsy/m/n --> OMS/ntxsy/m/n on input line 221.
LaTeX Font Info:    Overwriting symbol font `symbols' in version `bold'
(Font)                  OMS/cmsy/b/n --> OMS/ntxsy/m/n on input line 221.
LaTeX Font Info:    Overwriting symbol font `symbols' in version `bold'
(Font)                  OMS/ntxsy/m/n --> OMS/ntxsy/b/n on input line 222.
\symAMSm=\mathgroup5
LaTeX Font Info:    Overwriting symbol font `AMSm' in version `bold'
(Font)                  U/ntxsym/m/n --> U/ntxsym/b/n on input line 242.
\symsymbolsC=\mathgroup6
LaTeX Font Info:    Overwriting symbol font `symbolsC' in version `bold'
(Font)                  U/ntxsyc/m/n --> U/ntxsyc/b/n on input line 263.
LaTeX Font Info:    Redeclaring symbol font `largesymbols' on input line 276.
LaTeX Font Info:    Encoding `OMX' has changed to `LMX' for symbol font
(Font)              `largesymbols' in the math version `normal' on input line 2
76.
LaTeX Font Info:    Overwriting symbol font `largesymbols' in version `normal'
(Font)                  OMX/cmex/m/n --> LMX/ntxexx/m/n on input line 276.
LaTeX Font Info:    Encoding `OMX' has changed to `LMX' for symbol font
(Font)              `largesymbols' in the math version `bold' on input line 276
.
LaTeX Font Info:    Overwriting symbol font `largesymbols' in version `bold'
(Font)                  OMX/cmex/m/n --> LMX/ntxexx/m/n on input line 276.
LaTeX Font Info:    Overwriting symbol font `largesymbols' in version `bold'
(Font)                  LMX/ntxexx/m/n --> LMX/ntxexx/b/n on input line 277.
\symlargesymbolsTXA=\mathgroup7
LaTeX Font Info:    Overwriting symbol font `largesymbolsTXA' in version `bold'

(Font)                  U/ntxexa/m/n --> U/ntxexa/b/n on input line 291.
LaTeX Info: Redefining \not on input line 1749.
)
(/usr/local/texlive/2016/texmf-dist/tex/latex/graphics/graphicx.sty
Package: graphicx 2014/10/28 v1.0g Enhanced LaTeX Graphics (DPC,SPQR)

(/usr/local/texlive/2016/texmf-dist/tex/latex/graphics/graphics.sty
Package: graphics 2016/05/09 v1.0r Standard LaTeX Graphics (DPC,SPQR)

(/usr/local/texlive/2016/texmf-dist/tex/latex/graphics/trig.sty
Package: trig 2016/01/03 v1.10 sin cos tan (DPC)
)
(/usr/local/texlive/2016/texmf-dist/tex/latex/graphics-cfg/graphics.cfg
File: graphics.cfg 2016/01/02 v1.10 sample graphics configuration
)
Package graphics Info: Driver file: pdftex.def on input line 96.

(/usr/local/texlive/2016/texmf-dist/tex/latex/pdftex-def/pdftex.def
File: pdftex.def 2011/05/27 v0.06d Graphics/color for pdfTeX

(/usr/local/texlive/2016/texmf-dist/tex/generic/oberdiek/infwarerr.sty
Package: infwarerr 2016/05/16 v1.4 Providing info/warning/error messages (HO)
)
(/usr/local/texlive/2016/texmf-dist/tex/generic/oberdiek/ltxcmds.sty
Package: ltxcmds 2016/05/16 v1.23 LaTeX kernel commands for general use (HO)
)
\Gread@gobject=\count94
))
\Gin@req@height=\dimen112
\Gin@req@width=\dimen113
)
(/usr/local/texlive/2016/texmf-dist/tex/latex/xcolor/xcolor.sty
Package: xcolor 2016/05/11 v2.12 LaTeX color extensions (UK)

(/usr/local/texlive/2016/texmf-dist/tex/latex/graphics-cfg/color.cfg
File: color.cfg 2016/01/02 v1.6 sample color configuration
)
Package xcolor Info: Driver file: pdftex.def on input line 225.
Package xcolor Info: Model `cmy' substituted by `cmy0' on input line 1348.
Package xcolor Info: Model `hsb' substituted by `rgb' on input line 1352.
Package xcolor Info: Model `RGB' extended on input line 1364.
Package xcolor Info: Model `HTML' substituted by `rgb' on input line 1366.
Package xcolor Info: Model `Hsb' substituted by `hsb' on input line 1367.
Package xcolor Info: Model `tHsb' substituted by `hsb' on input line 1368.
Package xcolor Info: Model `HSB' substituted by `hsb' on input line 1369.
Package xcolor Info: Model `Gray' substituted by `gray' on input line 1370.
Package xcolor Info: Model `wave' substituted by `hsb' on input line 1371.
)
(/usr/local/texlive/2016/texmf-dist/tex/latex/lineno/lineno.sty
Package: lineno 2005/11/02 line numbers on paragraphs v4.41
\linenopenalty=\count95
\output=\toks21
\linenoprevgraf=\count96
\linenumbersep=\dimen114
\linenumberwidth=\dimen115
\c@linenumber=\count97
\c@pagewiselinenumber=\count98
\c@LN@truepage=\count99
\c@internallinenumber=\count100
\c@internallinenumbers=\count101
\quotelinenumbersep=\dimen116
\bframerule=\dimen117
\bframesep=\dimen118
\bframebox=\box28
LaTeX Info: Redefining \\ on input line 3056.
)
(/usr/local/texlive/2016/texmf-dist/tex/latex/tools/indentfirst.sty
Package: indentfirst 1995/11/23 v1.03 Indent first paragraph (DPC)
)
(/usr/local/texlive/2016/texmf-dist/tex/latex/ms/ragged2e.sty
Package: ragged2e 2009/05/21 v2.1 ragged2e Package (MS)

(/usr/local/texlive/2016/texmf-dist/tex/latex/ms/everysel.sty
Package: everysel 2011/10/28 v1.2 EverySelectfont Package (MS)
)
\CenteringLeftskip=\skip44
\RaggedLeftLeftskip=\skip45
\RaggedRightLeftskip=\skip46
\CenteringRightskip=\skip47
\RaggedLeftRightskip=\skip48
\RaggedRightRightskip=\skip49
\CenteringParfillskip=\skip50
\RaggedLeftParfillskip=\skip51
\RaggedRightParfillskip=\skip52
\JustifyingParfillskip=\skip53
\CenteringParindent=\skip54
\RaggedLeftParindent=\skip55
\RaggedRightParindent=\skip56
\JustifyingParindent=\skip57
)
(/usr/local/texlive/2016/texmf-dist/tex/latex/rotating/rotating.sty
Package: rotating 2009/03/28 v2.16a rotated objects in LaTeX

(/usr/local/texlive/2016/texmf-dist/tex/latex/base/ifthen.sty
Package: ifthen 2014/09/29 v1.1c Standard LaTeX ifthen package (DPC)
)
\c@r@tfl@t=\count102
\rotFPtop=\skip58
\rotFPbot=\skip59
\rot@float@box=\box29
\rot@mess@toks=\toks22
)
(/usr/local/texlive/2016/texmf-dist/tex/generic/ulem/ulem.sty
\UL@box=\box30
\UL@hyphenbox=\box31
\UL@skip=\skip60
\UL@hook=\toks23
\UL@height=\dimen119
\UL@pe=\count103
\UL@pixel=\dimen120
\ULC@box=\box32
Package: ulem 2012/05/18
\ULdepth=\dimen121
)
\draftskip=\count104
\c@section=\count105
\c@subsection=\count106
\c@subsubsection=\count107
\c@paragraph=\count108
\c@subparagraph=\count109
\c@figure=\count110
\c@table=\count111
\abovecaptionskip=\skip61
\belowcaptionskip=\skip62
\c@appendnum=\count112
\bibindent=\dimen122

(/usr/local/texlive/2016/texmf-dist/tex/latex/natbib/natbib.sty
Package: natbib 2010/09/13 8.31b (PWD, AO)
\bibhang=\skip63
\bibsep=\skip64
LaTeX Info: Redefining \cite on input line 694.
\c@NAT@ctr=\count113
)
\refchangenumber=\count114
\listchangenum=\count115
)
No file phs.aux.
\openout1 = `phs.aux'.

LaTeX Font Info:    Checking defaults for OML/ntxmi/m/it on input line 5.
LaTeX Font Info:    Try loading font information for OML+ntxmi on input line 5.

(/usr/local/texlive/2016/texmf-dist/tex/latex/newtx/omlntxmi.fd
File: omlntxmi.fd 2015/08/25 Fontinst v1.933 font definitions for OML/ntxmi.
)
LaTeX Font Info:    ... okay on input line 5.
LaTeX Font Info:    Checking defaults for T1/cmr/m/n on input line 5.
LaTeX Font Info:    ... okay on input line 5.
LaTeX Font Info:    Checking defaults for OT1/cmr/m/n on input line 5.
LaTeX Font Info:    ... okay on input line 5.
LaTeX Font Info:    Checking defaults for OMS/ntxsy/m/n on input line 5.
LaTeX Font Info:    Try loading font information for OMS+ntxsy on input line 5.


(/usr/local/texlive/2016/texmf-dist/tex/latex/newtx/omsntxsy.fd
File: omsntxsy.fd 2012/11/14 Fontinst v1.933 font definitions for OMS/ntxsy.
)
LaTeX Font Info:    ... okay on input line 5.
LaTeX Font Info:    Checking defaults for OMX/cmex/m/n on input line 5.
LaTeX Font Info:    ... okay on input line 5.
LaTeX Font Info:    Checking defaults for U/ntxexa/m/n on input line 5.
LaTeX Font Info:    Try loading font information for U+ntxexa on input line 5.

(/usr/local/texlive/2016/texmf-dist/tex/latex/newtx/untxexa.fd
File: untxexa.fd 2012/04/16 Fontinst v1.933 font definitions for U/ntxexa.
)
LaTeX Font Info:    ... okay on input line 5.
LaTeX Font Info:    Checking defaults for TS1/cmr/m/n on input line 5.
LaTeX Font Info:    Try loading font information for TS1+cmr on input line 5.

(/usr/local/texlive/2016/texmf-dist/tex/latex/base/ts1cmr.fd
File: ts1cmr.fd 2014/09/29 v2.5h Standard LaTeX font definitions
)
LaTeX Font Info:    ... okay on input line 5.
LaTeX Font Info:    Checking defaults for LMX/ntxexx/m/n on input line 5.
LaTeX Font Info:    ... okay on input line 5.
\c@mv@tabular=\count116
\c@mv@boldtabular=\count117

(/usr/local/texlive/2016/texmf-dist/tex/context/base/mkii/supp-pdf.mkii
[Loading MPS to PDF converter (version 2006.09.02).]
\scratchcounter=\count118
\scratchdimen=\dimen123
\scratchbox=\box33
\nofMPsegments=\count119
\nofMParguments=\count120
\everyMPshowfont=\toks24
\MPscratchCnt=\count121
\MPscratchDim=\dimen124
\MPnumerator=\count122
\makeMPintoPDFobject=\count123
\everyMPtoPDFconversion=\toks25
) (/usr/local/texlive/2016/texmf-dist/tex/generic/oberdiek/pdftexcmds.sty
Package: pdftexcmds 2016/05/10 v0.21 Utility functions of pdfTeX for LuaTeX (HO
)

(/usr/local/texlive/2016/texmf-dist/tex/generic/oberdiek/ifpdf.sty
Package: ifpdf 2016/05/14 v3.1 Provides the ifpdf switch
)
Package pdftexcmds Info: LuaTeX not detected.
Package pdftexcmds Info: \pdf@primitive is available.
Package pdftexcmds Info: \pdf@ifprimitive is available.
Package pdftexcmds Info: \pdfdraftmode found.
)
(/usr/local/texlive/2016/texmf-dist/tex/latex/oberdiek/epstopdf-base.sty
Package: epstopdf-base 2016/05/15 v2.6 Base part for package epstopdf

(/usr/local/texlive/2016/texmf-dist/tex/latex/oberdiek/grfext.sty
Package: grfext 2016/05/16 v1.2 Manage graphics extensions (HO)

(/usr/local/texlive/2016/texmf-dist/tex/generic/oberdiek/kvdefinekeys.sty
Package: kvdefinekeys 2016/05/16 v1.4 Define keys (HO)
))
(/usr/local/texlive/2016/texmf-dist/tex/latex/oberdiek/kvoptions.sty
Package: kvoptions 2016/05/16 v3.12 Key value format for package options (HO)

(/usr/local/texlive/2016/texmf-dist/tex/generic/oberdiek/kvsetkeys.sty
Package: kvsetkeys 2016/05/16 v1.17 Key value parser (HO)

(/usr/local/texlive/2016/texmf-dist/tex/generic/oberdiek/etexcmds.sty
Package: etexcmds 2016/05/16 v1.6 Avoid name clashes with e-TeX commands (HO)
Package etexcmds Info: Could not find \expanded.
(etexcmds)             That can mean that you are not using pdfTeX 1.50 or
(etexcmds)             that some package has redefined \expanded.
(etexcmds)             In the latter case, load this package earlier.
)))
Package grfext Info: Graphics extension search list:
(grfext)             [.png,.pdf,.jpg,.mps,.jpeg,.jbig2,.jb2,.PNG,.PDF,.JPG,.JPE
G,.JBIG2,.JB2,.eps]
(grfext)             \AppendGraphicsExtensions on input line 456.

(/usr/local/texlive/2016/texmf-dist/tex/latex/latexconfig/epstopdf-sys.cfg
File: epstopdf-sys.cfg 2010/07/13 v1.3 Configuration of (r)epstopdf for TeX Liv
e
))
ABD: EverySelectfont initializing macros
LaTeX Info: Redefining \selectfont on input line 5.
LaTeX Font Info:    Font shape `T1/ntxtlf/m/n' will be
(Font)              scaled to size 14.4pt on input line 8.
LaTeX Font Info:    Font shape `T1/ntxtlf/bx/n' in size <14.4> not available
(Font)              Font shape `T1/ntxtlf/b/n' tried instead on input line 8.
LaTeX Font Info:    Font shape `T1/ntxtlf/b/n' will be
(Font)              scaled to size 14.4pt on input line 8.
LaTeX Font Info:    Font shape `T1/ntxtlf/m/n' will be
(Font)              scaled to size 5.0pt on input line 8.
LaTeX Font Info:    Try loading font information for T1+qhv on input line 8.

(/usr/local/texlive/2016/texmf-dist/tex/latex/tex-gyre/t1qhv.fd
File: t1qhv.fd 2009/09/25 v1.2 font definition file for T1/qhv
)
LaTeX Font Info:    Font shape `T1/qhv/m/n' will be
(Font)              scaled to size 4.49997pt on input line 8.
LaTeX Font Info:    Font shape `T1/ntxtlf/bx/n' in size <10> not available
(Font)              Font shape `T1/ntxtlf/b/n' tried instead on input line 16.
LaTeX Font Info:    Font shape `T1/ntxtlf/b/n' will be
(Font)              scaled to size 10.0pt on input line 16.
LaTeX Font Info:    Try loading font information for OT1+ntxtlf on input line 1
6.

(/usr/local/texlive/2016/texmf-dist/tex/latex/newtx/ot1ntxtlf.fd
File: ot1ntxtlf.fd 2015/01/17 v1.0 font definition file for OT1/ntx/tlf
)
LaTeX Font Info:    Font shape `OT1/ntxtlf/m/n' will be
(Font)              scaled to size 10.0pt on input line 16.
LaTeX Font Info:    Font shape `OT1/ntxtlf/m/n' will be
(Font)              scaled to size 7.3pt on input line 16.
LaTeX Font Info:    Font shape `OT1/ntxtlf/m/n' will be
(Font)              scaled to size 5.5pt on input line 16.
LaTeX Font Info:    Try loading font information for U+ntxmia on input line 16.


(/usr/local/texlive/2016/texmf-dist/tex/latex/newtx/untxmia.fd
File: untxmia.fd 2012/04/16 Fontinst v1.933 font definitions for U/ntxmia.
)
LaTeX Font Info:    Try loading font information for U+ntxsym on input line 16.


(/usr/local/texlive/2016/texmf-dist/tex/latex/newtx/untxsym.fd
File: untxsym.fd 2015/03/20 Fontinst v1.933 font definitions for U/ntxsym.
)
LaTeX Font Info:    Try loading font information for U+ntxsyc on input line 16.


(/usr/local/texlive/2016/texmf-dist/tex/latex/newtx/untxsyc.fd
File: untxsyc.fd 2012/04/12 Fontinst v1.933 font definitions for U/ntxsyc.
)
LaTeX Font Info:    Font shape `T1/ntxtlf/m/n' will be
(Font)              scaled to size 8.0pt on input line 19.
LaTeX Font Info:    Font shape `OT1/ntxtlf/m/n' will be
(Font)              scaled to size 8.0pt on input line 19.
LaTeX Font Info:    Font shape `OT1/ntxtlf/m/n' will be
(Font)              scaled to size 6.2pt on input line 19.
LaTeX Font Info:    Try loading font information for T1+ntxsups on input line 2
2.

(/usr/local/texlive/2016/texmf-dist/tex/latex/newtx/t1ntxsups.fd
File: t1ntxsups.fd 2015/01/17 v1.0
)
LaTeX Font Info:    Font shape `T1/ntxsups/m/n' will be
(Font)              scaled to size 8.0pt on input line 22.
LaTeX Font Info:    Font shape `T1/ntxtlf/m/n' will be
(Font)              scaled to size 9.0pt on input line 22.
LaTeX Font Info:    Try loading font information for T1+ntxtt on input line 22.


(/usr/local/texlive/2016/texmf-dist/tex/latex/newtx/t1ntxtt.fd
File: t1ntxtt.fd 2012/04/20 v3.1
)
LaTeX Font Info:    Font shape `T1/ntxtt/m/n' will be
(Font)              scaled to size 9.0pt on input line 22.
LaTeX Font Info:    Font shape `T1/ntxtlf/m/it' will be
(Font)              scaled to size 9.0pt on input line 32.
 [1{/usr/local/texlive/2016/texmf-var/fonts/map/pdftex/updmap/pdftex.map}]
LaTeX Font Info:    Font shape `T1/ntxtlf/m/n' will be
(Font)              scaled to size 10.5pt on input line 46.
LaTeX Font Info:    Font shape `T1/ntxtlf/bx/n' in size <10.5> not available
(Font)              Font shape `T1/ntxtlf/b/n' tried instead on input line 46.
LaTeX Font Info:    Font shape `T1/ntxtlf/b/n' will be
(Font)              scaled to size 10.5pt on input line 46.


Package natbib Warning: Citation `allen2010' on page 2 undefined on input line 
48.


Package natbib Warning: Citation `anderegg2013b' on page 2 undefined on input l
ine 48.


Package natbib Warning: Citation `mcdowell2016' on page 2 undefined on input li
ne 48.


Package natbib Warning: Citation `restaino2016' on page 2 undefined on input li
ne 49.


Package natbib Warning: Citation `novick2016b' on page 2 undefined on input lin
e 49.


Package natbib Warning: Citation `lemordant2018' on page 2 undefined on input l
ine 49.


Package natbib Warning: Citation `ficklin2017' on page 2 undefined on input lin
e 50.


Package natbib Warning: Citation `seager2015' on page 2 undefined on input line
 50.


Package natbib Warning: Citation `williams2013' on page 2 undefined on input li
ne 50.


Package natbib Warning: Citation `mcdowell2015' on page 2 undefined on input li
ne 50.


Package natbib Warning: Citation `lemordant2018' on page 2 undefined on input l
ine 51.


Package natbib Warning: Citation `dekauwe2017' on page 2 undefined on input lin
e 52.


Package natbib Warning: Citation `friedlingstein2014' on page 2 undefined on in
put line 52.


Package natbib Warning: Citation `trugman2018' on page 2 undefined on input lin
e 52.


Package natbib Warning: Citation `egea2011' on page 2 undefined on input line 5
4.


Package natbib Warning: Citation `verhoef2014' on page 2 undefined on input lin
e 54.


Package natbib Warning: Citation `joetzjer2014' on page 2 undefined on input li
ne 56.


Package natbib Warning: Citation `green2017' on page 2 undefined on input line 
57.


Package natbib Warning: Citation `dekauwe2015' on page 2 undefined on input lin
e 58.


Package natbib Warning: Citation `stocker2018' on page 2 undefined on input lin
e 58.


Package natbib Warning: Citation `gentine2007' on page 2 undefined on input lin
e 59.


Package natbib Warning: Citation `gentine2011' on page 2 undefined on input lin
e 59.


Package natbib Warning: Citation `bonan2008' on page 2 undefined on input line 
60.


Package natbib Warning: Citation `seneviratne2006' on page 2 undefined on input
 line 60.


Package natbib Warning: Citation `trugman2018' on page 2 undefined on input lin
e 61.


Package natbib Warning: Citation `ukkola2016' on page 2 undefined on input line
 61.


Package natbib Warning: Citation `bonan2014' on page 2 undefined on input line 
61.


Package natbib Warning: Citation `powell2013' on page 2 undefined on input line
 62.


Package natbib Warning: Citation `restrepo2017' on page 2 undefined on input li
ne 62.


Package natbib Warning: Citation `xu2016' on page 2 undefined on input line 64.



Package natbib Warning: Citation `christoffersen2016' on page 2 undefined on in
put line 64.


Package natbib Warning: Citation `sperry2017' on page 2 undefined on input line
 64.


Package natbib Warning: Citation `tardieu1998' on page 2 undefined on input lin
e 65.


Package natbib Warning: Citation `sperry1998' on page 2 undefined on input line
 65.


Package natbib Warning: Citation `sperry2015' on page 2 undefined on input line
 65.


Package natbib Warning: Citation `drake2017' on page 2 undefined on input line 
67.


Package natbib Warning: Citation `kattge2011' on page 2 undefined on input line
 67.


Package natbib Warning: Citation `anderegg2015a' on page 2 undefined on input l
ine 67.


Package natbib Warning: Citation `choat2012' on page 2 undefined on input line 
68.


Package natbib Warning: Citation `mackay2015' on page 2 undefined on input line
 68.


Package natbib Warning: Citation `powell2018' on page 2 undefined on input line
 68.


Package natbib Warning: Citation `giardina2018' on page 2 undefined on input li
ne 68.


Package natbib Warning: Citation `konings2016' on page 2 undefined on input lin
e 69.


Package natbib Warning: Citation `grant2016' on page 2 undefined on input line 
69.


Package natbib Warning: Citation `momen2017' on page 2 undefined on input line 
69.


Package natbib Warning: Citation `konings2017b' on page 2 undefined on input li
ne 69.


Underfull \vbox (badness 10000) has occurred while \output is active []

 [2]

Package natbib Warning: Citation `lee2005' on page 3 undefined on input line 81
.


Package natbib Warning: Citation `konings2016' on page 3 undefined on input lin
e 84.


Package natbib Warning: Citation `fisher2006' on page 3 undefined on input line
 87.


Package natbib Warning: Citation `dacosta2010' on page 3 undefined on input lin
e 87.


Package natbib Warning: Citation `dacosta2013' on page 3 undefined on input lin
e 87.


Package natbib Warning: Citation `fisher2007' on page 3 undefined on input line
 87.


LaTeX Warning: Reference `sect:fwsms' on page 3 undefined on input line 102.


LaTeX Warning: Reference `sect:fwphs' on page 3 undefined on input line 102.


LaTeX Warning: Reference `sect:smsrwu' on page 3 undefined on input line 102.


LaTeX Warning: Reference `sect:phsrwu' on page 3 undefined on input line 102.


LaTeX Warning: Reference `sect:gs' on page 3 undefined on input line 102.


LaTeX Warning: Reference `sect:wsf' on page 3 undefined on input line 102.


LaTeX Warning: Reference `sect:sms' on page 3 undefined on input line 102.


LaTeX Warning: Reference `sect:phs' on page 3 undefined on input line 102.


Overfull \hbox (0.67503pt too wide) in paragraph at lines 102--103
\T1/ntxtlf/m/n/10 to com-pare the new pa-ram-e-ter-i-za-tion with the cor-re-sp
ond-ing pa-ram-e-ter-i-za-tion from CLM4.5. 
 []


Underfull \vbox (badness 10000) has occurred while \output is active []

 [3]

Package natbib Warning: Citation `medlyn2011' on page 4 undefined on input line
 109.


Package natbib Warning: Citation `manzoni2013b' on page 4 undefined on input li
ne 122.


LaTeX Warning: Reference `sect:wsf' on page 4 undefined on input line 123.


Package natbib Warning: Citation `bonan2011' on page 4 undefined on input line 
127.


Package natbib Warning: Citation `thornton2007' on page 4 undefined on input li
ne 127.


Package natbib Warning: Citation `oleson2013' on page 4 undefined on input line
 128.


Package natbib Warning: Citation `farquhar1980' on page 4 undefined on input li
ne 129.


Package natbib Warning: Citation `harley1992' on page 4 undefined on input line
 129.

LaTeX Font Info:    Font shape `T1/ntxtlf/m/n' will be
(Font)              scaled to size 7.3pt on input line 129.
LaTeX Font Info:    Font shape `T1/ntxtlf/m/n' will be
(Font)              scaled to size 5.5pt on input line 129.

Package natbib Warning: Citation `sellers1996a' on page 4 undefined on input li
ne 129.


Package natbib Warning: Citation `sellers1996b' on page 4 undefined on input li
ne 129.


Package natbib Warning: Citation `collatz1991' on page 4 undefined on input lin
e 130.


Overfull \hbox (29.595pt too wide) in paragraph at lines 127--131
\T1/ntxtlf/m/n/10 fol-low-ing \T1/ntxtlf/b/n/10 ? \T1/ntxtlf/m/n/10 and \T1/ntx
tlf/b/n/10 ?\T1/ntxtlf/m/n/10 . Wa-ter stress (as dis-cussed in the next sec-ti
on) is ap-plied within the carboxylation- 
 []


Package natbib Warning: Citation `thornton2007' on page 4 undefined on input li
ne 132.


Package natbib Warning: Citation `dai2004' on page 4 undefined on input line 13
2.


Package natbib Warning: Citation `oleson2013' on page 4 undefined on input line
 132.


Overfull \hbox (0.45502pt too wide) in paragraph at lines 132--135
[]\T1/ntxtlf/m/n/10 The CLM5 pho-to-syn-the-sis mod-ule, in its de-fault con-fi
g-u-ra-tion, is a two-big-leaf model, 
 []


Package natbib Warning: Citation `zhou2013' on page 4 undefined on input line 1
40.


Package natbib Warning: Citation `novick2016a' on page 4 undefined on input lin
e 140.


Package natbib Warning: Citation `sperry2015' on page 4 undefined on input line
 140.


Package natbib Warning: Citation `oleson2013' on page 4 undefined on input line
 141.


Underfull \vbox (badness 5741) has occurred while \output is active []

 [4]

Package natbib Warning: Citation `dekauwe2015' on page 5 undefined on input lin
e 149.


Package natbib Warning: Citation `lin2018' on page 5 undefined on input line 15
0.


Package natbib Warning: Citation `zhou2013' on page 5 undefined on input line 1
51.


Package natbib Warning: Citation `flexas2004' on page 5 undefined on input line
 152.


Package natbib Warning: Citation `rogers2017' on page 5 undefined on input line
 153.


Package natbib Warning: Citation `flexas2012' on page 5 undefined on input line
 153.

LaTeX Font Info:    Font shape `T1/ntxtlf/m/it' will be
(Font)              scaled to size 10.0pt on input line 160.
LaTeX Font Info:    Font shape `T1/ntxtlf/bx/it' in size <10> not available
(Font)              Font shape `T1/ntxtlf/b/it' tried instead on input line 160
.
LaTeX Font Info:    Font shape `T1/ntxtlf/b/it' will be
(Font)              scaled to size 10.0pt on input line 160.

Package natbib Warning: Citation `oleson2013' on page 5 undefined on input line
 163.

[5]

LaTeX Warning: Reference `eq:btrwu' on page 6 undefined on input line 217.


LaTeX Warning: Reference `sect:demand' on page 6 undefined on input line 243.


Package natbib Warning: Citation `anderegg2017' on page 6 undefined on input li
ne 259.


Package natbib Warning: Citation `manzoni2013' on page 6 undefined on input lin
e 259.


Package natbib Warning: Citation `sperry1998' on page 6 undefined on input line
 259.


Package natbib Warning: Citation `sperry2015' on page 6 undefined on input line
 260.


Package natbib Warning: Citation `novick2016b' on page 6 undefined on input lin
e 263.


Package natbib Warning: Citation `zhou2013' on page 6 undefined on input line 2
64.


Package natbib Warning: Citation `williams2013' on page 6 undefined on input li
ne 265.


LaTeX Warning: Reference `sect:vwp' on page 6 undefined on input line 271.

[6]

LaTeX Warning: Reference `circuit' on page 7 undefined on input line 288.

<figs/circuit.pdf, id=39, 206.7725pt x 312.16624pt>
File: figs/circuit.pdf Graphic file (type pdf)
 <use figs/circuit.pdf>
Package pdftex.def Info: figs/circuit.pdf used on input line 295.
(pdftex.def)             Requested size: 108.0pt x 163.05139pt.
LaTeX Font Info:    Font shape `T1/ntxtlf/bx/n' in size <9> not available
(Font)              Font shape `T1/ntxtlf/b/n' tried instead on input line 296.

LaTeX Font Info:    Font shape `T1/ntxtlf/b/n' will be
(Font)              scaled to size 9.0pt on input line 296.


Package natbib Warning: Citation `simonin2015' on page 7 undefined on input lin
e 302.


Package natbib Warning: Citation `sperry2015' on page 7 undefined on input line
 302.


LaTeX Warning: Reference `circuit' on page 7 undefined on input line 303.


Package natbib Warning: Citation `williams2001' on page 7 undefined on input li
ne 304.


Package natbib Warning: Citation `williams1996' on page 7 undefined on input li
ne 305.

[7 <./figs/circuit.pdf>]

LaTeX Warning: Reference `eq:darcy' on page 8 undefined on input line 314.


Package natbib Warning: Citation `sperry2015' on page 8 undefined on input line
 323.


Package natbib Warning: Citation `celia1990' on page 8 undefined on input line 
324.


Package natbib Warning: Citation `bartlett2016' on page 8 undefined on input li
ne 324.


Package natbib Warning: Citation `meinzer2009' on page 8 undefined on input lin
e 325.


Package natbib Warning: Citation `epila2017' on page 8 undefined on input line 
325.


Package natbib Warning: Citation `tyree1989' on page 8 undefined on input line 
328.


Package natbib Warning: Citation `holbrook2001' on page 8 undefined on input li
ne 328.


Package natbib Warning: Citation `gentine2016' on page 8 undefined on input lin
e 330.


Package natbib Warning: Citation `sack2002' on page 8 undefined on input line 3
39.


Package natbib Warning: Citation `kattge2011' on page 8 undefined on input line
 339.


Package natbib Warning: Citation `anderegg2015a' on page 8 undefined on input l
ine 340.


Package natbib Warning: Citation `xu2016' on page 8 undefined on input line 341
.


Package natbib Warning: Citation `sperry2015' on page 8 undefined on input line
 342.


Package natbib Warning: Citation `anderegg2015b' on page 8 undefined on input l
ine 343.


LaTeX Warning: Reference `eq:vulnerability' on page 8 undefined on input line 3
45.


Package natbib Warning: Citation `williams2001' on page 8 undefined on input li
ne 347.


Package natbib Warning: Citation `bonan2014' on page 8 undefined on input line 
347.


Package natbib Warning: Citation `brooks1964' on page 8 undefined on input line
 348.


Package natbib Warning: Citation `clapp1978' on page 8 undefined on input line 
348.


LaTeX Warning: Reference `sect:gs' on page 8 undefined on input line 355.


Package natbib Warning: Citation `klein2014' on page 8 undefined on input line 
356.


LaTeX Warning: Reference `eq:d1' on page 8 undefined on input line 371.


LaTeX Warning: Reference `eq:d2' on page 8 undefined on input line 371.

[8]
Overfull \hbox (16.99501pt too wide) in paragraph at lines 389--391
\T1/ntxtlf/m/n/10 the four wa-ter flow seg-ments (soil-to-root, root-to-stem, s
tem-to-leaf, and leaves-to-transpiration). 
 []


Package natbib Warning: Citation `avissar2002' on page 9 undefined on input lin
e 441.


Package natbib Warning: Citation `fisher2007' on page 9 undefined on input line
 453.


Package natbib Warning: Citation `fisher2008' on page 9 undefined on input line
 453.


Overfull \hbox (229.645pt too wide) in paragraph at lines 450--454
[]\T1/ntxtlf/m/n/10 All four sim-u-la-tions use the same ver-sion of CLM5 (de-v
el-op-ment ver-sion r270, www.github.com/ESCOMP/ctsm/releases/tag/clm4_5_18_r27
0), 
 []

[9]

Package natbib Warning: Citation `fisher2008' on page 10 undefined on input lin
e 484.


LaTeX Warning: Reference `supp:sm' on page 10 undefined on input line 484.


LaTeX Warning: Reference `ens' on page 10 undefined on input line 485.

<figs/roots.pdf, id=83, 289.08pt x 216.81pt>
File: figs/roots.pdf Graphic file (type pdf)
 <use figs/roots.pdf>
Package pdftex.def Info: figs/roots.pdf used on input line 490.
(pdftex.def)             Requested size: 240.0pt x 179.99857pt.


LaTeX Warning: `h' float specifier changed to `ht'.


LaTeX Warning: Reference `fig:t' on page 10 undefined on input line 506.


LaTeX Warning: Reference `fig:t2' on page 10 undefined on input line 508.


LaTeX Warning: Reference `sect:smt' on page 10 undefined on input line 510.

[10]

LaTeX Warning: Reference `fig:t' on page 11 undefined on input line 513.


LaTeX Warning: Reference `sect:stress' on page 11 undefined on input line 514.


LaTeX Warning: Reference `fig:t' on page 11 undefined on input line 518.


LaTeX Warning: Reference `fig:t' on page 11 undefined on input line 519.


LaTeX Warning: Reference `fig:sm2' on page 11 undefined on input line 521.


Package natbib Warning: Citation `restrepo2017' on page 11 undefined on input l
ine 522.


Package natbib Warning: Citation `powell2013' on page 11 undefined on input lin
e 522.


LaTeX Warning: Reference `fig:sm2' on page 11 undefined on input line 528.


LaTeX Warning: Reference `fig:sm2' on page 11 undefined on input line 531.


LaTeX Warning: Reference `supp:sm2' on page 11 undefined on input line 531.


LaTeX Warning: Reference `fig:sm2' on page 11 undefined on input line 533.

[11 <./figs/roots.pdf>]

LaTeX Warning: Reference `supp:sm2' on page 12 undefined on input line 535.


LaTeX Warning: Reference `roots' on page 12 undefined on input line 536.


LaTeX Warning: Reference `fig:sm2' on page 12 undefined on input line 538.


LaTeX Warning: Reference `fig:sm2' on page 12 undefined on input line 540.


LaTeX Warning: Reference `fig:sm2' on page 12 undefined on input line 541.


LaTeX Warning: Reference `supp:sm2' on page 12 undefined on input line 541.


Overfull \hbox (5.51501pt too wide) in paragraph at lines 535--542
[]\T1/ntxtlf/m/n/10 We high-light the soil mois-ture at 50 cm depth, but sim-i-
lar pat-terns are ob-served through- 
 []


LaTeX Warning: Reference `fig:vwp' on page 12 undefined on input line 546.


LaTeX Warning: Reference `fig:vwp' on page 12 undefined on input line 548.


Package natbib Warning: Citation `simonin2015' on page 12 undefined on input li
ne 549.


LaTeX Warning: Reference `fig:vwp' on page 12 undefined on input line 551.


Package natbib Warning: Citation `fisher2006' on page 12 undefined on input lin
e 553.


LaTeX Warning: Reference `fig:vwp' on page 12 undefined on input line 557.


Package natbib Warning: Citation `fisher2006' on page 12 undefined on input lin
e 558.


Package natbib Warning: Citation `fisher2006' on page 12 undefined on input lin
e 559.


Package natbib Warning: Citation `fisher2006' on page 12 undefined on input lin
e 561.


LaTeX Warning: Reference `fig:stress1' on page 12 undefined on input line 567.


LaTeX Warning: Reference `fig:vwp' on page 12 undefined on input line 567.


LaTeX Warning: Reference `fig:stress1' on page 12 undefined on input line 568.


LaTeX Warning: Reference `supp:fpsn' on page 12 undefined on input line 569.


LaTeX Warning: Reference `bt:1' on page 12 undefined on input line 571.


LaTeX Warning: Reference `eq:fwphs' on page 12 undefined on input line 572.


LaTeX Warning: Reference `fig:stress2' on page 12 undefined on input line 573.


LaTeX Warning: Reference `fig:stress2' on page 12 undefined on input line 574.


LaTeX Warning: Reference `fig:stress2' on page 12 undefined on input line 575.


Underfull \vbox (badness 10000) has occurred while \output is active []

 [12]
LaTeX Font Info:    Font shape `OT1/ntxtlf/m/n' will be
(Font)              scaled to size 9.0pt on input line 578.


LaTeX Warning: Reference `fig:stress2' on page 13 undefined on input line 578.


LaTeX Warning: Reference `fig:stress2' on page 13 undefined on input line 578.


Underfull \hbox (badness 10000) in paragraph at lines 578--578
[]\T1/ntxtlf/b/n/9 Table 2. \T1/ntxtlf/m/n/9 Root-zone soil po-ten-tial $[]$ (M
Pa) ter-ciles. The two cut-points are used to di-vide the points in each
 []


Underfull \hbox (badness 10000) in paragraph at lines 590--590
[]$[]$\T1/ntxtlf/m/n/10 SMS val-ues cor-re-spond to daily mean root-fraction we
ighted soil po-ten-tial.
 []


LaTeX Warning: Reference `fig:gpp' on page 13 undefined on input line 597.


LaTeX Warning: Reference `fig:gpp' on page 13 undefined on input line 601.


LaTeX Warning: Reference `fig:gpp' on page 13 undefined on input line 602.


Package natbib Warning: Citation `restrepo2017' on page 13 undefined on input l
ine 604.


LaTeX Warning: Reference `sect:stress' on page 13 undefined on input line 608.


LaTeX Warning: Reference `sect:stress' on page 13 undefined on input line 611.


Package natbib Warning: Citation `cai2018' on page 13 undefined on input line 6
15.


Package natbib Warning: Citation `warren2015' on page 13 undefined on input lin
e 615.


LaTeX Warning: Reference `fig:sm' on page 13 undefined on input line 616.


LaTeX Warning: Reference `supp:sm' on page 13 undefined on input line 616.


LaTeX Warning: Reference `results:sm' on page 13 undefined on input line 618.


LaTeX Warning: Reference `fig:sm2' on page 13 undefined on input line 618.


LaTeX Warning: Reference `sect:supply' on page 13 undefined on input line 620.


LaTeX Warning: Reference `supp:cond' on page 13 undefined on input line 621.


Package natbib Warning: Citation `brooks1964' on page 13 undefined on input lin
e 622.


LaTeX Warning: Reference `fig:rwu' on page 13 undefined on input line 625.


Underfull \vbox (badness 10000) has occurred while \output is active []

 [13]

LaTeX Warning: Reference `fig:t2' on page 14 undefined on input line 628.


LaTeX Warning: Reference `fig:sm' on page 14 undefined on input line 630.


LaTeX Warning: Reference `fig:qdry' on page 14 undefined on input line 631.


LaTeX Warning: Reference `fig:qdry' on page 14 undefined on input line 632.


LaTeX Warning: Reference `eq:btrwu' on page 14 undefined on input line 634.


LaTeX Warning: Reference `supp:cond' on page 14 undefined on input line 636.


LaTeX Warning: Reference `fig:sm2' on page 14 undefined on input line 636.


LaTeX Warning: Reference `fig:hr' on page 14 undefined on input line 641.


Package natbib Warning: Citation `jackson2000' on page 14 undefined on input li
ne 642.


Package natbib Warning: Citation `lee2005' on page 14 undefined on input line 6
42.


Package natbib Warning: Citation `oliveira2005' on page 14 undefined on input l
ine 642.


Package natbib Warning: Citation `burgess1998' on page 14 undefined on input li
ne 642.


LaTeX Warning: Reference `supp:hr' on page 14 undefined on input line 643.


LaTeX Warning: Reference `sect:hr' on page 14 undefined on input line 645.


LaTeX Warning: Reference `supp:cool' on page 14 undefined on input line 649.


LaTeX Warning: Reference `supp:cool' on page 14 undefined on input line 650.


LaTeX Warning: Reference `fig:cool' on page 14 undefined on input line 651.


LaTeX Warning: Reference `supp:cool' on page 14 undefined on input line 653.


LaTeX Warning: Reference `fig:cool' on page 14 undefined on input line 654.


LaTeX Warning: Reference `fig:cool' on page 14 undefined on input line 655.


LaTeX Warning: Reference `circuit' on page 14 undefined on input line 662.


LaTeX Warning: Reference `fig:vwp' on page 14 undefined on input line 665.


Underfull \vbox (badness 10000) has occurred while \output is active []

 [14]

Package natbib Warning: Citation `fisher2007' on page 15 undefined on input lin
e 668.


LaTeX Warning: Reference `sect:obs' on page 15 undefined on input line 669.


LaTeX Warning: Reference `fig:t' on page 15 undefined on input line 669.


LaTeX Warning: Reference `fig:sm2' on page 15 undefined on input line 669.


LaTeX Warning: Reference `sect:smpt' on page 15 undefined on input line 670.


LaTeX Warning: Reference `sect:wsf' on page 15 undefined on input line 679.


LaTeX Warning: Reference `fig:stress1' on page 15 undefined on input line 681.


LaTeX Warning: Reference `fig:gpp' on page 15 undefined on input line 681.


Package natbib Warning: Citation `sperry2017' on page 15 undefined on input lin
e 685.


Package natbib Warning: Citation `novick2016a' on page 15 undefined on input li
ne 685.


Package natbib Warning: Citation `tyree1989' on page 15 undefined on input line
 686.


LaTeX Warning: Reference `fig:stress2' on page 15 undefined on input line 687.


LaTeX Warning: Reference `fig:stress1' on page 15 undefined on input line 688.


Package natbib Warning: Citation `trugman2018' on page 15 undefined on input li
ne 692.


Package natbib Warning: Citation `boyer1967' on page 15 undefined on input line
 693.


Package natbib Warning: Citation `momen2017' on page 15 undefined on input line
 693.


Package natbib Warning: Citation `mcdowell2018' on page 15 undefined on input l
ine 694.


Underfull \vbox (badness 10000) has occurred while \output is active []

 [15]

LaTeX Warning: Reference `fig:t' on page 16 undefined on input line 698.


Package natbib Warning: Citation `keenan2012' on page 16 undefined on input lin
e 699.


LaTeX Warning: Reference `fig:vwp' on page 16 undefined on input line 707.


Package natbib Warning: Citation `fisher2006' on page 16 undefined on input lin
e 708.


Package natbib Warning: Citation `jarvis2011' on page 16 undefined on input lin
e 710.


Package natbib Warning: Citation `konings2017a' on page 16 undefined on input l
ine 711.


Package natbib Warning: Citation `tyree1989' on page 16 undefined on input line
 714.


Package natbib Warning: Citation `brooks1964' on page 16 undefined on input lin
e 715.


LaTeX Warning: Reference `supp:cond' on page 16 undefined on input line 715.


LaTeX Warning: Reference `fig:rwu' on page 16 undefined on input line 716.


LaTeX Warning: Reference `fig:sm2' on page 16 undefined on input line 717.


Package natbib Warning: Citation `cai2018' on page 16 undefined on input line 7
18.


Package natbib Warning: Citation `warren2015' on page 16 undefined on input lin
e 718.


Package natbib Warning: Citation `oliveira2005' on page 16 undefined on input l
ine 724.


LaTeX Warning: Reference `fig:t2' on page 16 undefined on input line 731.


LaTeX Warning: Reference `fig:gpp' on page 16 undefined on input line 731.


Package natbib Warning: Citation `jarvis2011' on page 16 undefined on input lin
e 732.


Package natbib Warning: Citation `nepstad1994' on page 16 undefined on input li
ne 732.


Underfull \vbox (badness 10000) has occurred while \output is active []

 [16]

LaTeX Warning: Reference `fig:hr' on page 17 undefined on input line 736.


LaTeX Warning: Reference `supp:hr' on page 17 undefined on input line 736.


Package natbib Warning: Citation `burgess1998' on page 17 undefined on input li
ne 736.


Package natbib Warning: Citation `oliveira2005' on page 17 undefined on input l
ine 736.


Package natbib Warning: Citation `jackson2000' on page 17 undefined on input li
ne 740.


Package natbib Warning: Citation `lee2005' on page 17 undefined on input line 7
40.


Package natbib Warning: Citation `tang2015' on page 17 undefined on input line 
740.


Package natbib Warning: Citation `bouda2017' on page 17 undefined on input line
 750.


Package natbib Warning: Citation `kotowska2015' on page 17 undefined on input l
ine 751.


Package natbib Warning: Citation `xu2016' on page 17 undefined on input line 75
3.


LaTeX Warning: Reference `fig:cool' on page 17 undefined on input line 759.


LaTeX Warning: Reference `supp:cool' on page 17 undefined on input line 760.


LaTeX Warning: Reference `supp:cool' on page 17 undefined on input line 761.


Package natbib Warning: Citation `bonan2014' on page 17 undefined on input line
 763.


LaTeX Warning: Reference `fig:cool' on page 17 undefined on input line 765.


LaTeX Warning: Reference `supp:cool' on page 17 undefined on input line 766.


Package natbib Warning: Citation `powell2013' on page 17 undefined on input lin
e 769.


Package natbib Warning: Citation `rogers2017' on page 17 undefined on input lin
e 769.


Package natbib Warning: Citation `trugman2018' on page 17 undefined on input li
ne 769.


Underfull \vbox (badness 10000) has occurred while \output is active []

 [17]

Package natbib Warning: Citation `momen2017' on page 18 undefined on input line
 792.


Overfull \hbox (0.3083pt too wide) in paragraph at lines 815--816
[]\T1/ntxtlf/m/n/10 PHS mod-els wa-ter stress ($\OML/ntxmi/m/it/10 f[]$\T1/ntxt
lf/m/n/10 ) as a sig-moidal func-tion of leaf wa-ter po-ten-tial, which 
 []

[18]

Package natbib Warning: Citation `huntingford2013' on page 19 undefined on inpu
t line 835.

[19] <figs/T.pdf, id=134, 505.89pt x 469.755pt>
File: figs/T.pdf Graphic file (type pdf)
 <use figs/T.pdf>
Package pdftex.def Info: figs/T.pdf used on input line 849.
(pdftex.def)             Requested size: 360.0pt x 334.28818pt.


LaTeX Warning: Reference `sect:exp' on page 20 undefined on input line 853.


LaTeX Warning: Reference `sect:exp' on page 20 undefined on input line 853.


Underfull \hbox (badness 10000) in paragraph at lines 853--853
[]\T1/ntxtlf/b/n/9 Figure  3. \T1/ntxtlf/m/n/9 Mod-eled ver-sus ob-served daily
 to-tal tran-spi-ra-tion. Ob-ser-va-tions are de-rived from field ob-ser-va-
 []


Underfull \hbox (badness 10000) in paragraph at lines 853--853
\T1/ntxtlf/m/n/9 tions of sap flux ve-loc-ity (see Sec-tion []). (a,b) SMS con-
figua-tion, un-der am-bi-ent con-di-tions and 60% TFE.
 []

[20

 <./figs/T.pdf>] <figs/fctr_ts.pdf, id=141, 505.89pt x 361.35pt>
File: figs/fctr_ts.pdf Graphic file (type pdf)

<use figs/fctr_ts.pdf>
Package pdftex.def Info: figs/fctr_ts.pdf used on input line 860.
(pdftex.def)             Requested size: 360.0pt x 257.14474pt.

Underfull \hbox (badness 10000) in paragraph at lines 864--864
[]\T1/ntxtlf/b/n/9 Figure  4. \T1/ntxtlf/m/n/9 (a-f) Time-series of daily to-ta
l tran-spi-ra-tion (mm/d), from (a,b) ob-ser-va-tions, (c,d) SMS model
 []


Underfull \hbox (badness 10000) in paragraph at lines 864--864
[]\T1/ntxtlf/m/n/9 (g-j) Dif-fer-ence be-tween mod-eled and ob-served tran-spi-
ra-tion (mm/d), for (g,h) SMS and (i,j) PHS un-der
 []

[21

 <./figs/fctr_ts.pdf>] <figs/sm2.pdf, id=165, 505.89pt x 361.35pt>
File: figs/sm2.pdf Graphic file (type pdf)

<use figs/sm2.pdf>
Package pdftex.def Info: figs/sm2.pdf used on input line 873.
(pdftex.def)             Requested size: 360.0pt x 257.14474pt.


LaTeX Warning: Reference `supp:sm2' on page 22 undefined on input line 877.


LaTeX Warning: Reference `supp:sm2' on page 22 undefined on input line 877.


Underfull \hbox (badness 10000) in paragraph at lines 877--877
[]\T1/ntxtlf/b/n/9 Figure  5. \T1/ntxtlf/m/n/9 Vol-u-met-ric soil wa-ter con-te
nt (-) over time un-der am-bi-ent and TFE con-di-tions at a depth of
 []


Underfull \hbox (badness 10000) in paragraph at lines 877--877
\T1/ntxtlf/m/n/9 50cm. (a/b) SMS (c/d) PHS. Ar-rows in-di-cate start of TFE. Fi
g-ure [] plots 7 other soil depths. Note that SMS
 []


Underfull \hbox (badness 10000) in paragraph at lines 877--877
\T1/ntxtlf/m/n/9 can tend to `stick' at wa-ter con-tent of 0.1 dur-ing the dry 
sea-son, which cor-re-sponds to $\OML/ntxmi/m/it/9  []$\T1/ntxtlf/m/n/9 =-2.5MP
a and is
 []

<figs/vwp.pdf, id=166, 505.89pt x 289.08pt>
File: figs/vwp.pdf Graphic file (type pdf)
 <use figs/vwp.pdf>
Package pdftex.def Info: figs/vwp.pdf used on input line 884.
(pdftex.def)             Requested size: 360.0pt x 205.71579pt.

Underfull \hbox (badness 10000) in paragraph at lines 891--891
[]\T1/ntxtlf/b/n/9 Figure  6. \T1/ntxtlf/m/n/9 (a,b) 2003 dry sea-son (Septembe
r-October-November) di-ur-nal mean of mod-eled veg-e-ta-tion wa-ter
 []


Underfull \hbox (badness 10000) in paragraph at lines 891--891
\T1/ntxtlf/m/n/9 po-ten-tial un-der am-bi-ent and TFE con-di-tions. Curves are 
drawn for sun-lit leaf, shaded leaf, stem, and root
 []


Underfull \hbox (badness 10000) in paragraph at lines 891--891
[]\T1/ntxtlf/m/n/9 (c) Monthly mean mid-day (12h-14h) veg-e-ta-tion wa-ter po-t
en-tial un-der am-bi-ent (solid line) and TFE (dot-ted
 []


Underfull \hbox (badness 10000) in paragraph at lines 891--891
\T1/ntxtlf/m/n/9 line) con-di-tions. Here curves are drawn only for sun-lit lea
f and root wa-ter po-ten-tial. The ar-row in-di-cates the
 []


LaTeX Warning: `h' float specifier changed to `ht'.

[22

 <./figs/sm2.pdf>] [23 <./figs/vwp.pdf>]
<figs/fig4.pdf, id=211, 505.89pt x 289.08pt>
File: figs/fig4.pdf Graphic file (type pdf)
 <use figs/fig4.pdf>
Package pdftex.def Info: figs/fig4.pdf used on input line 899.
(pdftex.def)             Requested size: 360.0pt x 205.71579pt.

Underfull \hbox (badness 10000) in paragraph at lines 904--904
[]\T1/ntxtlf/b/n/9 Figure  7. \T1/ntxtlf/m/n/9 2003 dry sea-son (SON) di-ur-nal
 mean wa-ter stress func-tion for (a) SMS, and (b) PHS. Note that
 []

[24

 <./figs/fig4.pdf>] <figs/vpdstress.pdf, id=218, 505.89pt x 361.35pt>
File: figs/vpdstress.pdf Graphic file (type pdf)

<use figs/vpdstress.pdf>
Package pdftex.def Info: figs/vpdstress.pdf used on input line 911.
(pdftex.def)             Requested size: 360.0pt x 257.14474pt.


LaTeX Warning: Reference `supp:fsds' on page 25 undefined on input line 917.


LaTeX Warning: Reference `tab:tercile' on page 25 undefined on input line 917.


LaTeX Warning: Reference `supp:fsds' on page 25 undefined on input line 917.


LaTeX Warning: Reference `tab:tercile' on page 25 undefined on input line 917.


Underfull \hbox (badness 10000) in paragraph at lines 917--917
[]\T1/ntxtlf/b/n/9 Figure  8. \T1/ntxtlf/m/n/9 Wa-ter stress fac-tor ver-sus va
-por pres-sure deficit (2002-2003), con-strained to timesteps with
 []


Underfull \hbox (badness 10000) in paragraph at lines 917--917
\T1/ntxtlf/m/n/9 down-welling short-wave ra-di-a-tion be-tween 400 and 425 W/m2
 (n=515). Ra-di-a-tion is con-trolled to high-light
 []


Underfull \hbox (badness 10000) in paragraph at lines 917--917
\T1/ntxtlf/m/n/9 the re-la-tion-ship with VPD, the re-verse (con-trol-ling for 
VPD) is shown in Fig-ure []. For SMS (a,b), data
 []


Underfull \hbox (badness 10000) in paragraph at lines 917--917
\T1/ntxtlf/m/n/9 are sub-di-vided based on av-er-age soil ma-tric po-ten-tial, 
weighted by root frac-tion. For PHS (c,d), data are
 []


Underfull \hbox (badness 10000) in paragraph at lines 917--917
\T1/ntxtlf/m/n/9 sub-di-vided based on predawn (5h) root wa-ter po-ten-tial. Bl
ue dots rep-re-sent the wettest ter-cile, yel-low dots
 []


Underfull \hbox (badness 10000) in paragraph at lines 917--917
\T1/ntxtlf/m/n/9 rep-re-sent the in-ter-me-di-ate ter-cile, and red dots rep-re
-sent the dri-est ter-cile (val-ues defin-ing each ter-cile are in
 []

[25

 <./figs/vpdstress.pdf>] <figs/gpp.pdf, id=226, 505.89pt x 361.35pt>
File: figs/gpp.pdf Graphic file (type pdf)

<use figs/gpp.pdf>
Package pdftex.def Info: figs/gpp.pdf used on input line 924.
(pdftex.def)             Requested size: 360.0pt x 257.14474pt.

Underfull \hbox (badness 10000) in paragraph at lines 927--927
[]\T1/ntxtlf/b/n/9 Figure  9. \T1/ntxtlf/m/n/9 (a-d) Daily stress fac-tor (mid-
day, av-er-aged over 12h-14h) and (e-h) GPP (daily to-tal) over 2002-
 []


Underfull \hbox (badness 10000) in paragraph at lines 927--927
\T1/ntxtlf/m/n/9 2003 un-der am-bi-ent (left col-umn) and TFE (right col-umn) c
on-di-tions. Out-put from the SMS con-fig-u-ra-tion
 []

[26

 <./figs/gpp.pdf>] <figs/smp.jpg, id=459, 2810.5pt x 2007.5pt>
File: figs/smp.jpg Graphic file (type jpg)

<use figs/smp.jpg>
Package pdftex.def Info: figs/smp.jpg used on input line 936.
(pdftex.def)             Requested size: 360.0pt x 257.12454pt.


LaTeX Warning: Reference `supp:sm' on page 27 undefined on input line 941.


LaTeX Warning: Reference `supp:sm' on page 27 undefined on input line 941.


Underfull \hbox (badness 10000) in paragraph at lines 941--941
[]\T1/ntxtlf/b/n/9 Figure  10. \T1/ntxtlf/m/n/9 Ver-ti-cal pro-file of soil wa-
ter con-tent (by vol-ume) over 2003 un-der 60% through-fall ex-clu-sion,
 []

<figs/rwu.pdf, id=460, 505.89pt x 361.35pt>
File: figs/rwu.pdf Graphic file (type pdf)
 <use figs/rwu.pdf>
Package pdftex.def Info: figs/rwu.pdf used on input line 947.
(pdftex.def)             Requested size: 360.0pt x 257.14474pt.

Underfull \hbox (badness 10000) in paragraph at lines 952--952
[]\T1/ntxtlf/b/n/9 Figure  11. \T1/ntxtlf/m/n/9 Binned box-plot of root wa-ter 
up-take ver-sus soil po-ten-tial for Soil Layer 5 (2002-3). Red lines
 []


Underfull \hbox (badness 10000) in paragraph at lines 952--952
\T1/ntxtlf/m/n/9 mark the me-dian, with boxes span-ning the in-terquar-tile ran
ge. Bin widths are 0.25 MPa for SMS and 0.1
 []


Underfull \hbox (badness 10000) in paragraph at lines 952--952
\T1/ntxtlf/m/n/9 MPa for PHS. Soil Layer 5 is shown, be-cause it is close enoug
h to the sur-face (20 to 32 cm) to ex-pe-ri-ence a
 []


Underfull \hbox (badness 10000) in paragraph at lines 952--952
\T1/ntxtlf/m/n/9 sig-nif-i-cant range in soil po-ten-tial, and it has a large r
oot frac-tion (14.4%, only Soil Layer 6 has a larger root
 []


LaTeX Warning: `h' float specifier changed to `ht'.

[27

 <./figs/smp.jpg>] [28 <./figs/rwu.pdf>]
<figs/qdry.pdf, id=470, 505.89pt x 361.35pt>
File: figs/qdry.pdf Graphic file (type pdf)
 <use figs/qdry.pdf>
Package pdftex.def Info: figs/qdry.pdf used on input line 960.
(pdftex.def)             Requested size: 360.0pt x 257.14474pt.

Underfull \hbox (badness 10000) in paragraph at lines 965--965
[]\T1/ntxtlf/b/n/9 Figure  12. \T1/ntxtlf/m/n/9 2003 dry sea-son (SON) cu-mu-la
-tive root wa-ter up-take and pre-cip-i-ta-tion. (a) Cu-mu-la-tive pre-cip-
 []


Underfull \hbox (badness 10000) in paragraph at lines 965--965
\T1/ntxtlf/m/n/9 i-ta-tion over time un-der am-bi-ent con-di-tions (b,c) Cu-mu-
la-tive wa-ter up-take over time from above and be-low
 []

[29


 <./figs/qdry.pdf>] <figs/hr.pdf, id=477, 505.89pt x 289.08pt>
File: figs/hr.pdf Graphic file (type pdf)

<use figs/hr.pdf>
Package pdftex.def Info: figs/hr.pdf used on input line 972.
(pdftex.def)             Requested size: 360.0pt x 205.71579pt.

Underfull \hbox (badness 10000) in paragraph at lines 975--975
[]\T1/ntxtlf/b/n/9 Figure  13. \T1/ntxtlf/m/n/9 To-tal hy-draulic re-dis-tri-bu
-tion (cm) by month across 2003. For (a) am-bi-ent through-fall con-di-
 []


Underfull \hbox (badness 10000) in paragraph at lines 975--975
\T1/ntxtlf/m/n/9 tions, and (b) 60% through-fall ex-clu-sion. Darker shad-ing s
hows por-tion of HR at night [6pm,6am), lighter
 []


Underfull \hbox (badness 10000) in paragraph at lines 975--975
\T1/ntxtlf/m/n/9 shad-ing shows por-tion of HR dur-ing the day [6am,6pm). To-ta
l HR refers to the sum of all neg-a-tive root wa-ter
 []

<figs/t_err.pdf, id=478, 505.89pt x 361.35pt>
File: figs/t_err.pdf Graphic file (type pdf)
 <use figs/t_err.pdf>
Package pdftex.def Info: figs/t_err.pdf used on input line 981.
(pdftex.def)             Requested size: 360.0pt x 257.14474pt.

Underfull \hbox (badness 10000) in paragraph at lines 991--991
[]\T1/ntxtlf/b/n/9 Figure  14. \T1/ntxtlf/m/n/9 Dif-fer-ence be-tween mod-eled 
and ob-served tran-spi-ra-tion (mm/d) ver-sus model soil po-ten-tial
 []


Underfull \hbox (badness 10000) in paragraph at lines 991--991
\T1/ntxtlf/m/n/9 (MPa), for (a,b) SMS and (c,d) PHS. Solid lines are drawn at t
he me-dian, bin-ning points ev-ery 0.2MPa for
 []


Underfull \hbox (badness 10000) in paragraph at lines 991--991
\T1/ntxtlf/m/n/9 SMS and 0.05 MPa for PHS (note the dif-fer-ent soil po-ten-tia
l axes). Dot-ted lines are drawn at zero, where
 []


Underfull \hbox (badness 10000) in paragraph at lines 991--991
[]\T1/ntxtlf/m/n/9 The two mod-els use dif-fer-ent root wa-ter up-take paradigm
s, from which we de-fine dif-fer-ent op-er-a-tors for col-
 []


Underfull \hbox (badness 10000) in paragraph at lines 991--991
\T1/ntxtlf/m/n/9 umn ef-fec-tive soil po-ten-tial. For SMS we av-er-age over th
e soil col-umn weighted by root frac-tion and over
 []


Underfull \hbox (badness 10000) in paragraph at lines 991--991
\T1/ntxtlf/m/n/9 time (daily mean). For PHS we use predawn (5h) root wa-ter po-
ten-tial. Based on avail-able ob-ser-va-tions, n =
 []


LaTeX Warning: `h' float specifier changed to `ht'.

[30

 <./figs/hr.pdf>] [31 <./figs/t_err.pdf>]
<figs/ens.pdf, id=2194, 505.89pt x 289.08pt>
File: figs/ens.pdf Graphic file (type pdf)
 <use figs/ens.pdf>
Package pdftex.def Info: figs/ens.pdf used on input line 1008.
(pdftex.def)             Requested size: 360.0pt x 205.71579pt.
 [32


 <./figs/ens.pdf>] <figs/suppfpsn.pdf, id=2201, 361.35pt x 216.81pt>
File: figs/suppfpsn.pdf Graphic file (type pdf)

<use figs/suppfpsn.pdf>
Package pdftex.def Info: figs/suppfpsn.pdf used on input line 1019.
(pdftex.def)             Requested size: 240.0pt x 144.0015pt.

Underfull \hbox (badness 10000) in paragraph at lines 1021--1021
[]\T1/ntxtlf/b/n/9 Figure  A.2. \T1/ntxtlf/m/n/9 2003 dry sea-son di-ur-nal mea
n pho-to-syn-the-sis un-der am-bi-ent and TFE con-di-tions for the two
 []

<figs/qwet.pdf, id=2202, 505.89pt x 361.35pt>
File: figs/qwet.pdf Graphic file (type pdf)
 <use figs/qwet.pdf>
Package pdftex.def Info: figs/qwet.pdf used on input line 1028.
(pdftex.def)             Requested size: 360.0pt x 257.14474pt.

Underfull \hbox (badness 10000) in paragraph at lines 1033--1033
[]\T1/ntxtlf/b/n/9 Figure  A.3. \T1/ntxtlf/m/n/9 2003 wet sea-son (FMA) cu-mu-l
a-tive root wa-ter up-take and pre-cip-i-ta-tion. (a) Cu-mu-la-tive pre-
 []


Underfull \hbox (badness 10000) in paragraph at lines 1033--1033
\T1/ntxtlf/m/n/9 cip-i-ta-tion over time un-der am-bi-ent con-di-tions (b,c) Cu
-mu-la-tive wa-ter up-take over time from above and be-low
 []


LaTeX Warning: `h' float specifier changed to `ht'.

<figs/suppstress.pdf, id=2203, 505.89pt x 361.35pt>
File: figs/suppstress.pdf Graphic file (type pdf)
 <use figs/suppstress.pdf>
Package pdftex.def Info: figs/suppstress.pdf used on input line 1040.
(pdftex.def)             Requested size: 360.0pt x 257.14474pt.


LaTeX Warning: Reference `fig:stress2' on page 33 undefined on input line 1046.



LaTeX Warning: Reference `fig:stress2' on page 33 undefined on input line 1046.



Underfull \hbox (badness 10000) in paragraph at lines 1046--1046
[]\T1/ntxtlf/b/n/9 Figure  A.4. \T1/ntxtlf/m/n/9 Wa-ter stress fac-tor ver-sus 
down-welling short-wave ra-di-a-tion (2002-2003), for timesteps with
 []


Underfull \hbox (badness 10000) in paragraph at lines 1046--1046
\T1/ntxtlf/m/n/9 VPD be-tween 1 and 1.0559 kPa (n=470). VPD is con-trolled to h
igh-light the re-la-tion-ship with down-welling
 []


Underfull \hbox (badness 10000) in paragraph at lines 1046--1046
\T1/ntxtlf/m/n/9 ra-di-a-tion, the re-verse (con-trol-ling for ra-di-a-tion) is
 shown in Fig-ure []. For SMS (a,b), data are sub-di-vided
 []


Underfull \hbox (badness 10000) in paragraph at lines 1046--1046
\T1/ntxtlf/m/n/9 based on av-er-age soil ma-tric po-ten-tial, weighted by root 
frac-tion. For PHS (c,d), data are sub-di-vided based on
 []


Underfull \hbox (badness 10000) in paragraph at lines 1046--1046
\T1/ntxtlf/m/n/9 predawn (5h) root wa-ter po-ten-tial. Blue dots rep-re-sent th
e wettest ter-cile, yel-low dots rep-re-sent the in-ter-me-di-
 []


LaTeX Warning: `h' float specifier changed to `ht'.

[33


 <./figs/suppfpsn.pdf>] [34 <./figs/qwet.pdf>] [35 <./figs/suppstress.pdf>]
<figs/suppcond.pdf, id=2236, 505.89pt x 361.35pt>
File: figs/suppcond.pdf Graphic file (type pdf)
 <use figs/suppcond.pdf>
Package pdftex.def Info: figs/suppcond.pdf used on input line 1054.
(pdftex.def)             Requested size: 360.0pt x 257.14474pt.


LaTeX Warning: Reference `fig:rwu' on page 36 undefined on input line 1069.


LaTeX Warning: Reference `sect:smsrwu' on page 36 undefined on input line 1069.



Underfull \hbox (badness 10000) in paragraph at lines 1069--1069
[]\T1/ntxtlf/b/n/9 Figure  A.5. \T1/ntxtlf/m/n/9 (a,b) Log of con-duc-tance ($\
OML/ntxmi/m/it/9 k[]$\T1/ntxtlf/m/n/9 ) ver-sus soil po-ten-tial for Soil Layer
 5. (c,d) Log of hy-draulic
 []


Underfull \hbox (badness 10000) in paragraph at lines 1069--1069
[]\T1/ntxtlf/m/n/9 Multiplied to-gether $\OML/ntxmi/m/it/9 k[]$ \T1/ntxtlf/m/n/
9 and $\U/ntxmia/m/it/9 ^^A\OML/ntxmi/m/it/9  $ \T1/ntxtlf/m/n/9 yield the Laye
r-5 root wa-ter up-take. PHS con-duc-tance de-creases by al-most 3
 []


Underfull \hbox (badness 10000) in paragraph at lines 1069--1069
\T1/ntxtlf/m/n/9 or-ders of mag-ni-tude be-tween 0 and -1MPa, which leads to re
-duced RWU, though this is off-set (by about half)
 []


LaTeX Warning: Reference `fig:rwu' on page 36 undefined on input line 1069.


Underfull \hbox (badness 10000) in paragraph at lines 1069--1069
[]\T1/ntxtlf/m/n/9 while SMS $\U/ntxmia/m/it/9 ^^A\OML/ntxmi/m/it/9  $ \T1/ntxt
lf/m/n/9 de-creases by less than 1 or-der of mag-ni-tude be-tween 0 and -2MPa, 
lead-ing to higher sen-si-tiv-
 []


LaTeX Warning: Reference `sect:smsrwu' on page 36 undefined on input line 1069.



Underfull \hbox (badness 10000) in paragraph at lines 1069--1069
[]\T1/ntxtlf/m/n/9 Only mid-day (12h-14h, 2002-2003) timesteps are shown to em-
pha-size the re-la-tion-ship with soil po-ten-tial.
 []


Underfull \hbox (badness 10000) in paragraph at lines 1069--1069
\T1/ntxtlf/m/n/9 With SMS, con-duc-tance is not mod-eled ex-plic-itly, but rath
er cal-cu-lated as $\OML/ntxmi/m/it/9 k$\T1/ntxtlf/m/n/9 =$\OML/ntxmi/m/it/9 q=
\U/ntxmia/m/it/9 ^^A\OML/ntxmi/m/it/9  $ \T1/ntxtlf/m/n/9 (see Sec-tion []). Fo
r
 []


Underfull \hbox (badness 10000) in paragraph at lines 1069--1069
\T1/ntxtlf/m/n/9 soil po-ten-tials greater than or equal to 2.5MPa, $\U/ntxmia/
m/it/9 ^^A\OML/ntxmi/m/it/9  $\T1/ntxtlf/m/n/9 =0, and SMS im-plied con-duc-tan
ce is un-de-fined, but could
 []


Underfull \hbox (badness 10000) in paragraph at lines 1069--1069
\T1/ntxtlf/m/n/9 prob-a-bly be con-sid-ered to equal 0. PHS con-duc-tance cap-t
ures both root tis-sue and soil ma-trix re-sis-tances
 []

[36

 <./figs/suppcond.pdf>] <figs/k.pdf, id=2311, 505.89pt x 361.35pt>
File: figs/k.pdf Graphic file (type pdf)

<use figs/k.pdf>
Package pdftex.def Info: figs/k.pdf used on input line 1077.
(pdftex.def)             Requested size: 360.0pt x 257.14474pt.
 <figs/hr2.pdf, id=2312, 505.89pt x 361.35pt>
File: figs/hr2.pdf Graphic file (type pdf)

<use figs/hr2.pdf>
Package pdftex.def Info: figs/hr2.pdf used on input line 1085.
(pdftex.def)             Requested size: 360.0pt x 257.14474pt.


LaTeX Warning: `h' float specifier changed to `ht'.

[37


 <./figs/k.pdf>] [38 <./figs/hr2.pdf>]
<figs/suppsmp.jpg, id=2327, 2810.5pt x 2007.5pt>
File: figs/suppsmp.jpg Graphic file (type jpg)
 <use figs/suppsmp.jpg>
Package pdftex.def Info: figs/suppsmp.jpg used on input line 1095.
(pdftex.def)             Requested size: 360.0pt x 257.12454pt.

Underfull \hbox (badness 10000) in paragraph at lines 1098--1098
[]\T1/ntxtlf/b/n/9 Figure  A.8. \T1/ntxtlf/m/n/9 Ver-ti-cal pro-file of soil wa
-ter con-tent (by vol-ume) through time un-der am-bi-ent through-fall
 []

<figs/suppsm2.pdf, id=2328, 505.89pt x 650.43pt>
File: figs/suppsm2.pdf Graphic file (type pdf)
 <use figs/suppsm2.pdf>
Package pdftex.def Info: figs/suppsm2.pdf used on input line 1105.
(pdftex.def)             Requested size: 360.0pt x 462.86055pt.


LaTeX Warning: Reference `fig:sm' on page 39 undefined on input line 1107.


LaTeX Warning: Reference `fig:sm' on page 39 undefined on input line 1107.


LaTeX Warning: `h' float specifier changed to `ht'.

[39


 <./figs/suppsmp.jpg>] [40 <./figs/suppsm2.pdf>]
<figs/suppcool.pdf, id=2338, 505.89pt x 650.43pt>
File: figs/suppcool.pdf Graphic file (type pdf)
 <use figs/suppcool.pdf>
Package pdftex.def Info: figs/suppcool.pdf used on input line 1114.
(pdftex.def)             Requested size: 360.0pt x 462.86055pt.


LaTeX Warning: Reference `fig:cool' on page 41 undefined on input line 1116.


LaTeX Warning: Reference `fig:cool' on page 41 undefined on input line 1116.


Underfull \hbox (badness 10000) in paragraph at lines 1116--1116
[]\T1/ntxtlf/b/n/9 Figure  A.10. \T1/ntxtlf/m/n/9 Mod-eled (left col-umn) and o
b-served (right col-umn) tran-spi-ra-tion vs. model soil po-ten-tial.
 []

[41

 <./figs/suppcool.pdf>]

Package natbib Warning: Citation `jackson1996' on page 42 undefined on input li
ne 1164.


Package natbib Warning: Citation `oleson2013' on page 42 undefined on input lin
e 1193.


Package natbib Warning: Citation `brooks1964' on page 42 undefined on input lin
e 1193.


Package natbib Warning: Citation `clapp1978' on page 42 undefined on input line
 1193.


Package natbib Warning: Citation `williams1996' on page 42 undefined on input l
ine 1195.


Package natbib Warning: Citation `bonan2014' on page 42 undefined on input line
 1195.

[42

]

Package natbib Warning: Citation `medlyn2011' on page 43 undefined on input lin
e 1200.


LaTeX Warning: Reference `eq:d1' on page 43 undefined on input line 1236.


LaTeX Warning: Reference `suppeq:vc' on page 43 undefined on input line 1246.


LaTeX Warning: Reference `suppeq:vc' on page 43 undefined on input line 1246.


LaTeX Warning: Reference `suppeq:e1' on page 43 undefined on input line 1247.


LaTeX Warning: Reference `suppeq:e2' on page 43 undefined on input line 1247.


LaTeX Warning: Reference `flowchart' on page 43 undefined on input line 1249.


LaTeX Warning: Reference `eq:d1' on page 43 undefined on input line 1250.


LaTeX Warning: Reference `supp:fw' on page 43 undefined on input line 1250.

<figs/schem3.pdf, id=2348, 471.7625pt x 597.23125pt>
File: figs/schem3.pdf Graphic file (type pdf)
 <use figs/schem3.pdf>
Package pdftex.def Info: figs/schem3.pdf used on input line 1261.
(pdftex.def)             Requested size: 360.0pt x 455.7504pt.


LaTeX Warning: `h' float specifier changed to `ht'.

[43] [44 <./figs/schem3.pdf>] [45

] [46]

LaTeX Warning: Reference `supp:ens' on page 47 undefined on input line 1430.


Overfull \hbox (92.19499pt too wide) in paragraph at lines 1441--1443
\T1/ntxtlf/m/n/10 Observational data col-lec-tion is a prod-uct of CNPQ grant 4
57914/2013-0/MCTI/CNPq/FNDCT/LBA/ESECAFLOR 
 []

No file phs.bbl.
[47]

Package natbib Warning: There were undefined citations.

(./phs.aux)

LaTeX Warning: There were undefined references.


LaTeX Warning: Label(s) may have changed. Rerun to get cross-references right.

 ) 
Here is how much of TeX's memory you used:
 6429 strings out of 493014
 85217 string characters out of 6133351
 146318 words of memory out of 5000000
 9755 multiletter control sequences out of 15000+600000
 89923 words of font info for 136 fonts, out of 8000000 for 9000
 1147 hyphenation exceptions out of 8191
 41i,16n,37p,837b,358s stack positions out of 5000i,500n,10000p,200000b,80000s
{/usr/local/texlive/2016/texmf-dist/fonts/enc/dvips/base/8r.enc}{/usr/local/t
exlive/2016/texmf-dist/fonts/enc/dvips/newtx/ntx-ec-tlf.enc}{/usr/local/texlive
/2016/texmf-dist/fonts/enc/dvips/newtx/ntx-ot1-tlf.enc}{/usr/local/texlive/2016
/texmf-dist/fonts/enc/dvips/tex-gyre/q-ec.enc}</usr/local/texlive/2016/texmf-di
st/fonts/type1/public/tex-gyre/qhvr.pfb></usr/local/texlive/2016/texmf-dist/fon
ts/type1/public/tex-gyre/qtmb.pfb></usr/local/texlive/2016/texmf-dist/fonts/typ
e1/public/tex-gyre/qtmbi.pfb></usr/local/texlive/2016/texmf-dist/fonts/type1/pu
blic/tex-gyre/qtmr.pfb></usr/local/texlive/2016/texmf-dist/fonts/type1/public/t
ex-gyre/qtmri.pfb></usr/local/texlive/2016/texmf-dist/fonts/type1/public/newtx/
rntxmi.pfb></usr/local/texlive/2016/texmf-dist/fonts/type1/public/newtx/rntxmi5
.pfb></usr/local/texlive/2016/texmf-dist/fonts/type1/public/newtx/rntxmi7.pfb><
/usr/local/texlive/2016/texmf-dist/fonts/type1/public/txfonts/rtxmi.pfb></usr/l
ocal/texlive/2016/texmf-dist/fonts/type1/public/newtx/rtxmi7.pfb></usr/local/te
xlive/2016/texmf-dist/fonts/type1/public/txfonts/rtxr.pfb></usr/local/texlive/2
016/texmf-dist/fonts/type1/public/txfonts/t1xtt.pfb></usr/local/texlive/2016/te
xmf-dist/fonts/type1/public/newtx/txex-bar.pfb></usr/local/texlive/2016/texmf-d
ist/fonts/type1/public/txfonts/txex.pfb></usr/local/texlive/2016/texmf-dist/fon
ts/type1/public/txfonts/txmia.pfb></usr/local/texlive/2016/texmf-dist/fonts/typ
e1/public/txfonts/txsy.pfb></usr/local/texlive/2016/texmf-dist/fonts/type1/urw/
times/utmr8a.pfb></usr/local/texlive/2016/texmf-dist/fonts/type1/urw/times/utmr
i8a.pfb>
Output written on phs.pdf (47 pages, 2976879 bytes).
PDF statistics:
 2455 PDF objects out of 2487 (max. 8388607)
 2321 compressed objects within 24 object streams
 0 named destinations out of 1000 (max. 500000)
 126 words of extra memory for PDF output out of 10000 (max. 10000000)

